"../../../Engine/Content/EditorResources/S_Actor.uasset" 0
"../../../Engine/Content/EngineResources/AICON-Red.uasset" 1
"../../../Engine/Content/EngineResources/AICON-Green.uasset" 2
"../../../Engine/Content/EngineFonts/Roboto.uasset" 3
"../../../Engine/Content/Functions/Engine_MaterialFunctions01/Shading/PowerToRoughness.uasset" 4
"../../../Engine/Content/Functions/Engine_MaterialFunctions01/Shading/ConvertFromDiffSpec.uasset" 5
"../../../Engine/Content/EngineMaterials/DefaultDiffuse.uasset" 6
"../../../Engine/Content/EngineMaterials/DefaultDeferredDecalMaterial.uasset" 7
"../../../Engine/Content/EngineMaterials/DefaultLightFunctionMaterial.uasset" 8
"../../../Engine/Content/Functions/Engine_MaterialFunctions02/Utility/BreakOutFloat2Components.uasset" 9
"../../../Engine/Content/EngineMaterials/DefaultPostProcessMaterial.uasset" 10
"../../../Engine/Content/EngineResources/DefaultTexture.uasset" 11
"../../../Engine/Content/Functions/Engine_MaterialFunctions01/Texturing/ScaleUVsByCenter.uasset" 12
"../../../Engine/Content/Functions/Engine_MaterialFunctions02/ScreenResolution.uasset" 13
"../../../Engine/Content/Functions/Engine_MaterialFunctions02/Texturing/ScreenAlignedUVs.uasset" 14
"../../../Engine/Content/EngineResources/WhiteSquareTexture.uasset" 15
"../../../Engine/Content/EngineMaterials/Widget3DPassThrough.uasset" 16
"../../../Engine/Content/EngineMaterials/Widget3DPassThrough_Translucent.uasset" 17
"../../../Engine/Content/EngineMaterials/Widget3DPassThrough_Translucent_OneSided.uasset" 18
"../../../Engine/Content/EngineMaterials/Widget3DPassThrough_Opaque.uasset" 19
"../../../Engine/Content/EngineMaterials/Widget3DPassThrough_Opaque_OneSided.uasset" 20
"../../../Engine/Content/EngineMaterials/Widget3DPassThrough_Masked.uasset" 21
"../../../Engine/Content/EngineMaterials/Widget3DPassThrough_Masked_OneSided.uasset" 22
"../../../Engine/Content/Maps/Templates/Thumbnails/Default.uasset" 23
"../../../Engine/Content/Maps/Templates/Thumbnails/VR-Basic.uasset" 24
"../../../Engine/Content/EditorMaterials/ParticleSystems/PSysThumbnail_NoImage.uasset" 25
"../../../Engine/Content/EditorMaterials/ParticleSystems/PSysThumbnail_OOD.uasset" 26
"../../../Engine/Content/EditorLandscapeResources/DataLayer.uasset" 27
"../../../Engine/Content/EngineDamageTypes/DmgTypeBP_Environmental.uasset" 28
"../../../Engine/Content/EngineMeshes/Sphere.uasset" 29
"../../../Engine/Content/EngineFonts/RobotoDistanceField.uasset" 30
"../../../Engine/Content/EngineMaterials/DefaultTextMaterialOpaque.uasset" 31
"../../../Engine/Content/EditorResources/S_Trigger.uasset" 32
"../../../Engine/Content/EngineResources/GradientTexture0.uasset" 33
"../../../Engine/Content/EngineResources/Black.uasset" 34
"../../../Engine/Content/EditorMaterials/MatineeGroups/MAT_Groups_Float.uasset" 35
"../../../Engine/Content/EditorMaterials/MatineeGroups/MAT_Groups_Director.uasset" 36
"../../../Engine/Content/EditorMaterials/MatineeGroups/MAT_Groups_Event.uasset" 37
"../../../Engine/Content/EditorMaterials/MatineeGroups/MAT_Groups_Anim.uasset" 38
"../../../Engine/Content/EditorMaterials/MatineeGroups/MAT_Groups_Fade.uasset" 39
"../../../Engine/Content/EditorMaterials/MatineeGroups/MAT_Groups_Move.uasset" 40
"../../../Engine/Content/EditorMaterials/MatineeGroups/MAT_Groups_Slomo.uasset" 41
"../../../Engine/Content/EditorMaterials/MatineeGroups/MAT_ColorTrack.uasset" 42
"../../../Engine/Content/EditorMaterials/MAT_Groups_Toggle.uasset" 43
"../../../Engine/Content/EditorMaterials/MatineeGroups/MAT_Groups_AudioMaster.uasset" 44
"../../../Engine/Content/EditorMaterials/MatineeGroups/MAT_Groups_Sound.uasset" 45
"../../../Engine/Content/EditorMaterials/MatineeGroups/MAT_Groups_Vector.uasset" 46
"../../../Engine/Content/EditorMaterials/MAT_Groups_Visibility.uasset" 47
"../../../Engine/Content/EngineResources/DefaultTextureCube.uasset" 48
"../../../Engine/Content/Functions/Engine_MaterialFunctions01/Opacity/CameraDepthFade.uasset" 49
"../../../Engine/Content/EngineMaterials/T_Default_Material_Grid_M.uasset" 50
"../../../Engine/Content/EngineMaterials/T_Default_Material_Grid_N.uasset" 51
"../../../Engine/Content/EngineMaterials/DefaultMaterial.uasset" 52
"../../../Engine/Content/EngineMeshes/Cylinder.uasset" 53
"../../../Engine/Content/EngineTireTypes/DefaultTireType.uasset" 54
"../../../Engine/Content/EditorMaterials/Camera/CineMat.uasset" 55
"../../../Engine/Content/EditorMaterials/Camera/MI_CineMat_Rig.uasset" 56
"../../../Engine/Content/EditorMeshes/Camera/SM_CraneRig_Base.uasset" 57
"../../../Engine/Content/EditorMeshes/Camera/SM_CraneRig_Arm.uasset" 58
"../../../Engine/Content/EditorMeshes/Camera/SM_CraneRig_Mount.uasset" 59
"../../../Engine/Content/EditorMeshes/Camera/SM_CraneRig_Body.uasset" 60
"../../../Engine/Content/EditorMeshes/Camera/SM_RailRig_Track.uasset" 61
"../../../Engine/Content/EditorMeshes/Camera/SM_RailRig_Mount.uasset" 62
"../../../Engine/Content/VREditor/LaserPointer/VR_LaserPower_01.uasset" 63
"../../../Engine/Content/VREditor/TransformGizmo/TransformGizmoMaterial.uasset" 64
"../../../Engine/Content/VREditor/TransformGizmo/TranslucentTransformGizmoMaterial.uasset" 65
"../../../Engine/Content/VREditor/TransformGizmo/TranslationHandle.uasset" 66
"../../../Engine/Content/VREditor/TransformGizmo/PlaneTranslationHandle.uasset" 67
"../../../Engine/Content/VREditor/TransformGizmo/RotationHandle.uasset" 68
"../../../Engine/Content/VREditor/TransformGizmo/StretchingHandle.uasset" 69
"../../../Engine/Content/VREditor/TransformGizmo/BoundingBoxCorner.uasset" 70
"../../../Engine/Content/VREditor/TransformGizmo/BoundingBoxEdge.uasset" 71
"../../../Engine/Content/VREditor/TransformGizmo/UniformScaleHandle.uasset" 72
"../../../Engine/Content/VREditor/FloatingText/LineMaterial.uasset" 73
"../../../Engine/Content/VREditor/FloatingText/LineSegmentCylinder.uasset" 74
"../../../Engine/Content/VREditor/FloatingText/JointSphere.uasset" 75
"../../../Engine/Content/VREditor/Fonts/VRText_RobotoLarge.uasset" 76
"../../../Engine/Content/VREditor/Fonts/VRTextMaterial.uasset" 77
"../../../Engine/Content/VREditor/Fonts/TranslucentVRTextMaterial.uasset" 78
"../../../Engine/Content/VREditor/UI/SelectionBarMesh.uasset" 79
"../../../Engine/Content/VREditor/UI/CloseButtonMesh.uasset" 80
"../../../Engine/Content/Tutorial/ContentIntroCurve.uasset" 81
"../../../Engine/Plugins/2D/Paper2D/Content/PlaceholderTextures/DummySpriteTexture.uasset" 82
"../../../Engine/Plugins/2D/Paper2D/Content/DefaultSpriteMaterial.uasset" 83
"../../../Engine/Plugins/2D/Paper2D/Content/MaskedUnlitSpriteMaterial.uasset" 84
"../../../Engine/Plugins/2D/Paper2D/Content/OpaqueUnlitSpriteMaterial.uasset" 85
"../../../Engine/Plugins/2D/Paper2D/Content/DummySprite.uasset" 86
"../../../Engine/Plugins/2D/Paper2D/Content/DefaultPaperTerrainMaterial.uasset" 87
"../../../Engine/Content/EngineMaterials/RemoveSurfaceMaterial.uasset" 88
"../../../Engine/Content/EngineDebugMaterials/DebugMeshMaterial.uasset" 89
"../../../Engine/Content/EngineMaterials/InvalidLightmapSettings.uasset" 90
"../../../Engine/Content/EngineMaterials/M_InvalidLightmapSettings.uasset" 91
"../../../Engine/Content/EditorMaterials/GizmoMaterial.uasset" 92
"../../../Engine/Content/EngineMaterials/Good64x64TilingNoiseHighFreq.uasset" 93
"../../../Engine/Content/EngineMaterials/DefaultBokeh.uasset" 94
"../../../Engine/Content/EngineMaterials/PreintegratedSkinBRDF.uasset" 95
"../../../Engine/Content/EngineMaterials/MiniFont.uasset" 96
"../../../Engine/Content/EngineMaterials/WeightMapPlaceholderTexture.uasset" 97
"../../../Engine/Content/EngineMaterials/DefaultWhiteGrid.uasset" 98
"../../../Engine/Content/EngineFonts/RobotoTiny.uasset" 99
"../../../Engine/Content/EditorSounds/Notifications/CompileSuccess.uasset" 100
"../../../Engine/Content/EditorSounds/Notifications/CompileStart_Cue.uasset" 101
"../../../Engine/Content/EditorSounds/Notifications/CompileSuccess_Cue.uasset" 102
"../../../Engine/Content/EditorSounds/Notifications/CompileFailed.uasset" 103
"../../../Engine/Content/EditorSounds/Notifications/CompileFailed_Cue.uasset" 104
"../../../Engine/Content/MobileResources/HUD/MobileHUDButton2_off.uasset" 105
"../../../Engine/Content/MobileResources/HUD/T_Castle_ThumbstickOutter.uasset" 106
"../../../Engine/Content/MobileResources/HUD/MobileHUDDirectionPad3.uasset" 107
"../../../Engine/Content/MobileResources/HUD/MobileHUDButton2_on.uasset" 108
"../../../Engine/Content/MobileResources/HUD/MobileHUDButton1_on.uasset" 109
"../../../Engine/Content/MobileResources/HUD/MobileHUDDirectionPad.uasset" 110
"../../../Engine/Content/MobileResources/HUD/MobileHUDDirectionPad2.uasset" 111
"../../../Engine/Content/MobileResources/T_MobileMenu2.uasset" 112
"../../../Engine/Content/MobileResources/HUD/VirtualJoystick_Background.uasset" 113
"../../../Engine/Content/MobileResources/HUD/VirtualJoystick_Thumb.uasset" 114
"../../../Engine/Content/MobileResources/HUD/LeftVirtualJoystickOnly.uasset" 115
"../../../Engine/Content/MobileResources/HUD/MobileHUDButton3.uasset" 116
"../../../Engine/Content/MobileResources/HUD/MobileHUDDirectionStick.uasset" 117
"../../../Engine/Content/EditorResources/LightIcons/S_LightError.uasset" 118
"../../../Engine/Content/EditorResources/AudioIcons/S_AudioComponent_AutoActivate.uasset" 119
"../../../Engine/Content/EditorResources/EmptyActor.uasset" 120
"../../../Engine/Content/MobileResources/HUD/AnalogHat.uasset" 121
"../../../Engine/Content/MobileResources/HUD/DefaultVirtualJoysticks.uasset" 122
"../../../Engine/Content/MobileResources/T_MobileControls_texture.uasset" 123
"../../../Engine/Content/MobileResources/HUD/MobileHUDButton1_off.uasset" 124
"../../../Engine/Content/MobileResources/HUD/MobileHUDButtonFire.uasset" 125
"../../../Engine/Content/MobileResources/HUD/T_Castle_ThumbstickInner.uasset" 126
"../../../Engine/Content/BasicShapes/Cone.uasset" 127
"../../../Engine/Content/EngineMaterials/WorldGridMaterial.uasset" 128
"../../../Engine/Content/BasicShapes/Cube.uasset" 129
"../../../Engine/Content/BasicShapes/Sphere.uasset" 130
"../../../Engine/Content/EditorMaterials/PhAT_JointLimitMaterial.uasset" 131
"../../../Engine/Content/EditorMaterials/PreviewShadowIndicator.uasset" 132
"../../../Engine/Content/EditorMaterials/PreviewShadowIndicatorMaterial.uasset" 133
"../../../Engine/Content/EditorMeshes/ColorCalibrator/M_ChromeBall.uasset" 134
"../../../Engine/Content/EditorMeshes/ColorCalibrator/M_ClearCoat.uasset" 135
"../../../Engine/Content/EditorMeshes/ColorCalibrator/M_ClearCoatBlack.uasset" 136
"../../../Engine/Content/EditorMeshes/ColorCalibrator/T_ColorGrid.uasset" 137
"../../../Engine/Content/EditorMeshes/ColorCalibrator/M_ColorGrid.uasset" 138
"../../../Engine/Content/EditorMeshes/ColorCalibrator/M_GreyBall.uasset" 139
"../../../Engine/Content/EditorMeshes/ColorCalibrator/SM_ColorCalibrator.uasset" 140
"../../../Engine/Content/EditorResources/BSPVertex.uasset" 141
"../../../Engine/Content/EngineDebugMaterials/HeatmapGradient.uasset" 142
"../../../Engine/Content/EngineDebugMaterials/BoneWeightMaterial.uasset" 143
"../../../Engine/Content/EngineDebugMaterials/GeomMaterial.uasset" 144
"../../../Engine/Content/EngineMaterials/EditorBrushMaterial.uasset" 145
"../../../Engine/Content/EngineMeshes/Cube.uasset" 146
"../../../Engine/Content/Tutorial/Basics/TutorialAssets/icon_tab_Levels_40x.uasset" 147
"../../../Engine/Content/Tutorial/BlueprintTutorials/TutorialAssets/BlueprintInterface_64x.uasset" 148
"../../../Engine/Content/Tutorial/BlueprintTutorials/TutorialAssets/BlueprintMacroLibrary_64x.uasset" 149
"../../../Engine/Content/Tutorial/BlueprintTutorials/TutorialAssets/Blueprint_64x.uasset" 150
"../../../Engine/Content/Tutorial/BlueprintTutorials/TutorialAssets/Tutorial_BP_Interface.uasset" 151
"../../../Engine/Content/Tutorial/Foliage/TutorialAssets/Foliage.uasset" 152
"../../../Engine/Content/Tutorial/Landscape/TutorialAssets/Landscape.uasset" 153
"../../../Engine/Content/Tutorial/Paper2D/TutorialAssets/Paper2DFlipbook_TutorialIcon.uasset" 154
"../../../Engine/Content/Tutorial/Paper2D/TutorialAssets/Paper2DSprite_TutorialIcon.uasset" 155
"../../../Engine/Content/Tutorial/SubEditors/TutorialAssets/icon_Editor_Preferences_General_40x.uasset" 156
"../../../Engine/Content/Tutorial/SubEditors/TutorialAssets/icon_ShowSkeletalMeshes_40x.uasset" 157
"../../../Engine/Content/Tutorial/SubEditors/TutorialAssets/TutorialMaterial.uasset" 158
"../../../Engine/Content/Tutorial/SubEditors/TutorialAssets/T_SmokeSubUV_8X8.uasset" 159
"../../../Engine/Content/Tutorial/SubEditors/TutorialAssets/T_soft_smoke.uasset" 160
"../../../Engine/Content/Tutorial/SubEditors/TutorialAssets/M_smoke_subUV_blackbody.uasset" 161
"../../../Engine/Content/Tutorial/SubEditors/TutorialAssets/TutorialParticleSystem.uasset" 162
"../../../Engine/Content/EditorMeshes/EditorCube.uasset" 163
"../../../Engine/Content/Tutorial/SubEditors/TutorialAssets/Tutorial_DM.uasset" 164
"../../../Engine/Content/EngineMaterials/DefaultNormal.uasset" 165
"../../../Engine/Content/Maps/Entry.umap" 166
"../../../Mult/Content/FirstPerson/Character/Mesh/SK_Mannequin_Arms_Skeleton.uasset" 167
"../../../Mult/Content/FirstPerson/Animations/FirstPerson_Idle.uasset" 168
"../../../Mult/Content/FirstPerson/Animations/FirstPerson_JumpEnd.uasset" 169
"../../../Mult/Content/FirstPerson/Animations/FirstPerson_JumpLoop.uasset" 170
"../../../Mult/Content/FirstPerson/Animations/FirstPerson_JumpStart.uasset" 171
"../../../Mult/Content/FirstPerson/Animations/FirstPerson_Run.uasset" 172
"../../../Engine/Content/EditorBlueprintResources/StandardMacros.uasset" 173
"../../../Mult/Content/FirstPerson/Animations/FirstPerson_AnimBP.uasset" 174
"../../../Mult/Content/Mannequin/Character/Mesh/UE4_Mannequin_Skeleton.uasset" 175
"../../../Mult/Content/Mannequin/Animations/ThirdPerson_Jump.uasset" 176
"../../../Mult/Content/Mannequin/Animations/ThirdPersonJump_Loop.uasset" 177
"../../../Mult/Content/Mannequin/Animations/ThirdPersonJump_Start.uasset" 178
"../../../Mult/Content/Mannequin/Animations/ThirdPersonIdle.uasset" 179
"../../../Mult/Content/Mannequin/Animations/ThirdPersonRun.uasset" 180
"../../../Mult/Content/Mannequin/Animations/ThirdPersonWalk.uasset" 181
"../../../Mult/Content/Mannequin/Animations/ThirdPerson_IdleRun_2D.uasset" 182
"../../../Mult/Content/Mannequin/Animations/ThirdPerson_AnimBP.uasset" 183
"../../../Mult/Content/FirstPerson/Animations/FirstPerson_Fire.uasset" 184
"../../../Mult/Content/FirstPerson/Animations/FirstPersonFire_Montage.uasset" 185
"../../../Mult/Content/Models/Characters/Man/Dances/dance2_Skeleton.uasset" 186
"../../../Mult/Content/Models/Characters/Man/Dances/dance2_Anim.uasset" 187
"../../../Mult/Content/Models/Characters/Man/died_Skeleton.uasset" 188
"../../../Mult/Content/Models/Characters/Man/died_Anim.uasset" 189
"../../../Mult/Content/Models/Characters/Man/slash_Skeleton.uasset" 190
"../../../Mult/Content/Models/Characters/Man/slash_Anim.uasset" 191
"../../../Engine/Content/EditorBlueprintResources/ActorMacros.uasset" 192
"../../../Mult/Content/Blueprints/MasterGhostBuilding.uasset" 193
"../../../Mult/Content/StarterContent/Textures/T_Dust_Particle_D.uasset" 194
"../../../Mult/Content/StarterContent/Particles/Materials/M_Dust_Particle.uasset" 195
"../../../Mult/Content/StarterContent/Particles/P_Ambient_Dust.uasset" 196
"../../../Mult/Content/Blueprints/P_Ambient_Dust.uasset" 197
"../../../Mult/Content/Models/Gunpieces/Metal_Worn_Painted_Panel_Black_Red_Rusty_UV_CM_1.uasset" 198
"../../../Mult/Content/Models/Gunpieces/Metal_Worn_Painted_Panel_Black_Red_Rusty_UV_CM_1_Normal.uasset" 199
"../../../Mult/Content/Models/Gunpieces/02_-_Default.uasset" 200
"../../../Mult/Content/Models/Gunpieces/Number_front01_texture.uasset" 201
"../../../Mult/Content/Models/Gunpieces/09_-_Default.uasset" 202
"../../../Mult/Content/Models/Gunpieces/Metal_Worn_Painted_Panel_Black_Red_Rusty_UV_CM_1_02.uasset" 203
"../../../Mult/Content/Models/Gunpieces/Metal_Worn_Painted_Panel_Black_Red_Rusty_UV_CM_1_02_Normal.uasset" 204
"../../../Mult/Content/Models/Gunpieces/13_-_Default.uasset" 205
"../../../Mult/Content/Models/Gunpieces/final_part.uasset" 206
"../../../Mult/Content/Models/Gunpieces/RocketLauncher_Part01.uasset" 207
"../../../Mult/Content/Models/Gunpieces/19_-_Default.uasset" 208
"../../../Mult/Content/Models/Gunpieces/RocketLauncher_Part02.uasset" 209
"../../../Mult/Content/Models/Gunpieces/seamless-rusty-metal-texture.uasset" 210
"../../../Mult/Content/Models/Gunpieces/seamless-rusty-metal-texture_Normal.uasset" 211
"../../../Mult/Content/Models/Gunpieces/03_-_Default.uasset" 212
"../../../Mult/Content/Models/Gunpieces/Steel_02_UV_H_CM_1.uasset" 213
"../../../Mult/Content/Models/Gunpieces/Steel_02_UV_H_CM_1_Normal.uasset" 214
"../../../Mult/Content/Models/Gunpieces/07_-_Default.uasset" 215
"../../../Mult/Content/Models/Gunpieces/RocketLauncher_Part03.uasset" 216
"../../../Mult/Content/Models/Gunpieces/RocketLauncher_Part04.uasset" 217
"../../../Mult/Content/Models/Gunpieces/RocketLauncher_Part05.uasset" 218
"../../../Mult/Content/Models/Gunpieces/05_2.uasset" 219
"../../../Mult/Content/Models/Gunpieces/RocketLauncher_Part06.uasset" 220
"../../../Mult/Content/Models/Gunpieces/RocketLauncher_Part07.uasset" 221
"../../../Mult/Content/Models/Gunpieces/Metal_Worn_Painted_Panel_Black_Red_Rusty_UV_CM_1_03.uasset" 222
"../../../Mult/Content/Models/Gunpieces/Metal_Worn_Painted_Panel_Black_Red_Rusty_UV_CM_1_03_Normal.uasset" 223
"../../../Mult/Content/Models/Gunpieces/o4.uasset" 224
"../../../Mult/Content/Models/Gunpieces/RocketLauncher_Part08.uasset" 225
"../../../Mult/Content/Models/Gunpieces/05_3.uasset" 226
"../../../Mult/Content/Models/Gunpieces/RocketLauncher_Part09.uasset" 227
"../../../Mult/Content/Models/Gunpieces/14_-_Default.uasset" 228
"../../../Mult/Content/Models/Gunpieces/RocketLauncher_Part10.uasset" 229
"../../../Engine/Content/Functions/Engine_MaterialFunctions01/Gradient/RadialGradient.uasset" 230
"../../../Mult/Content/StarterContent/Particles/Materials/M_Radial_Gradient.uasset" 231
"../../../Mult/Content/StarterContent/Textures/T_Smoke_SubUV.uasset" 232
"../../../Mult/Content/StarterContent/Textures/T_Smoke_Tiled_D.uasset" 233
"../../../Mult/Content/StarterContent/Particles/Materials/M_smoke_subUV.uasset" 234
"../../../Mult/Content/StarterContent/Textures/T_Spark_Core.uasset" 235
"../../../Mult/Content/StarterContent/Particles/Materials/M_Spark.uasset" 236
"../../../Mult/Content/StarterContent/Particles/P_Sparks.uasset" 237
"../../../Mult/Content/Blueprints/Pieces/Part1.uasset" 238
"../../../Mult/Content/Blueprints/sign.uasset" 239
"../../../Mult/Content/Models/BadSword3_PhysicsAsset.uasset" 240
"../../../Mult/Content/Models/BadSword3_Skeleton.uasset" 241
"../../../Mult/Content/Models/BadSword3.uasset" 242
"../../../Mult/Content/Models/Signs/do_ot_enet.uasset" 243
"../../../Mult/Content/Models/Signs/do_ot_enet_Mat.uasset" 244
"../../../Mult/Content/Models/Signs/0006-stainless-steel-metal-texture-seamless-hr.uasset" 245
"../../../Mult/Content/Models/Signs/lambert7.uasset" 246
"../../../Mult/Content/Models/Signs/lambert9.uasset" 247
"../../../Mult/Content/Models/Signs/sign_5_8.uasset" 248
"../../../Mult/Content/Blueprints/Sign1.uasset" 249
"../../../Mult/Content/Geometry/Weaps/Seamless_bark_01.uasset" 250
"../../../Mult/Content/Geometry/Weaps/Seamless_bark_01_Mat.uasset" 251
"../../../Mult/Content/Geometry/Weaps/Branch_01.uasset" 252
"../../../Mult/Content/Blueprints/SwordEquip.uasset" 253
"../../../Mult/Content/StarterContent/Textures/T_MacroVariation.uasset" 254
"../../../Mult/Content/StarterContent/Textures/T_Perlin_Noise_M.uasset" 255
"../../../Mult/Content/StarterContent/Textures/T_Rock_Sandstone_D.uasset" 256
"../../../Mult/Content/StarterContent/Textures/T_Rock_Sandstone_N.uasset" 257
"../../../Mult/Content/StarterContent/Materials/M_Rock_Sandstone.uasset" 258
"../../../Mult/Content/Models/wall90.uasset" 259
"../../../Mult/Content/Models/wall90_DM.uasset" 260
"../../../Mult/Content/Blueprints/wall90_DM.uasset" 261
"../../../Mult/Content/Models/wall.uasset" 262
"../../../Mult/Content/Models/wall_DM.uasset" 263
"../../../Mult/Content/Blueprints/wall_DM.uasset" 264
"../../../Mult/Content/StarterContent/Materials/M_Basic_Wall.uasset" 265
"../../../Mult/Content/Models/window90_DM.uasset" 266
"../../../Mult/Content/Blueprints/window90_DM.uasset" 267
"../../../Mult/Content/Blueprints/spawnarea.uasset" 268
"../../../Mult/Content/FirstPerson/Textures/FirstPersonCrosshair.uasset" 269
"../../../Mult/Content/FirstPersonBP/Blueprints/FirstPersonHUD.uasset" 270
"../../../Mult/Content/FirstPersonBP/Blueprints/FirstPersonGameMode.uasset" 271
"../../../Engine/Content/BasicShapes/BasicShapeMaterial.uasset" 272
"../../../Mult/Content/Cutscene/Helicopter_FinalRender3_5.uasset" 273
"../../../Mult/Content/Cutscene/Helicopter_FinalRender3_5_Tex.uasset" 274
"../../../Mult/Content/Cutscene/Helicopter_FinalRender3_5_Tex_Mat.uasset" 275
"../../../Mult/Content/Models/Characters/Man/Textures/Orange_suit_texture3.uasset" 276
"../../../Mult/Content/Models/Characters/Man/Textures/Orange_suit_texture3_Mat.uasset" 277
"../../../Mult/Content/Cutscene/CutsceneStructure.uasset" 278
"../../../Engine/Content/BasicShapes/Cylinder.uasset" 279
"../../../Mult/Content/Cutscene/Helicopter_FinalRender3audio.uasset" 280
"../../../Mult/Content/Cutscene/VideoPlayer.uasset" 281
"../../../Engine/Content/Functions/Engine_MaterialFunctions02/Utility/BlendAngleCorrectedNormals.uasset" 282
"../../../Engine/Content/Functions/MaterialLayerFunctions/MatLayerBlend_NormalBlend.uasset" 283
"../../../Engine/Content/Functions/MaterialLayerFunctions/MatLayerBlend_Simple.uasset" 284
"../../../Mult/Content/FirstPerson/Character/Materials/MaterialLayers/T_ML_Rubber_Blue_01_D.uasset" 285
"../../../Mult/Content/FirstPerson/Character/Materials/MaterialLayers/T_ML_Rubber_Blue_01_N.uasset" 286
"../../../Mult/Content/FirstPerson/Character/Materials/MaterialLayers/ML_GlossyBlack_Latex_UE4.uasset" 287
"../../../Mult/Content/FirstPerson/Character/Materials/MaterialLayers/ML_Plastic_Shiny_Beige.uasset" 288
"../../../Mult/Content/FirstPerson/Character/Textures/UE4_LOGO_CARD.uasset" 289
"../../../Mult/Content/FirstPerson/Character/Materials/MaterialLayers/ML_Plastic_Shiny_Beige_LOGO.uasset" 290
"../../../Mult/Content/FirstPerson/Character/Materials/MaterialLayers/T_ML_Aluminum01.uasset" 291
"../../../Mult/Content/FirstPerson/Character/Materials/MaterialLayers/T_ML_Aluminum01_N.uasset" 292
"../../../Mult/Content/FirstPerson/Character/Materials/MaterialLayers/ML_SoftMetal_UE4.uasset" 293
"../../../Mult/Content/FirstPerson/Character/Textures/UE4_Mannequin__normals.uasset" 294
"../../../Mult/Content/FirstPerson/Character/Textures/UE4_Mannequin_MAT_MASKA.uasset" 295
"../../../Mult/Content/FirstPerson/Character/Materials/M_UE4Man_Body.uasset" 296
"../../../Mult/Content/FirstPerson/Character/Mesh/SK_Mannequin_Arms_PhysicsAsset.uasset" 297
"../../../Mult/Content/FirstPerson/Character/Mesh/SK_Mannequin_Arms.uasset" 298
"../../../Mult/Content/HUD.uasset" 299
"../../../Mult/Content/Mannequin/Character/Materials/MaterialLayers/T_ML_Rubber_Blue_01_D.uasset" 300
"../../../Mult/Content/Mannequin/Character/Materials/MaterialLayers/T_ML_Rubber_Blue_01_N.uasset" 301
"../../../Mult/Content/Mannequin/Character/Materials/MaterialLayers/ML_GlossyBlack_Latex_UE4.uasset" 302
"../../../Mult/Content/Mannequin/Character/Materials/MaterialLayers/ML_Plastic_Shiny_Beige.uasset" 303
"../../../Mult/Content/Mannequin/Character/Textures/UE4_LOGO_CARD.uasset" 304
"../../../Mult/Content/Mannequin/Character/Materials/MaterialLayers/ML_Plastic_Shiny_Beige_LOGO.uasset" 305
"../../../Mult/Content/Mannequin/Character/Materials/MaterialLayers/T_ML_Aluminum01.uasset" 306
"../../../Mult/Content/Mannequin/Character/Materials/MaterialLayers/T_ML_Aluminum01_N.uasset" 307
"../../../Mult/Content/Mannequin/Character/Materials/MaterialLayers/ML_SoftMetal_UE4.uasset" 308
"../../../Mult/Content/Mannequin/Character/Textures/UE4_Mannequin__normals.uasset" 309
"../../../Mult/Content/Mannequin/Character/Textures/UE4_Mannequin_MAT_MASKA.uasset" 310
"../../../Mult/Content/Mannequin/Character/Materials/M_UE4Man_Body.uasset" 311
"../../../Mult/Content/Mannequin/Character/Textures/UE4Man_Logo_N.uasset" 312
"../../../Mult/Content/Mannequin/Character/Materials/M_UE4Man_ChestLogo.uasset" 313
"../../../Mult/Content/Mannequin/Character/Mesh/SK_Mannequin_PhysicsAsset.uasset" 314
"../../../Mult/Content/Mannequin/Character/Mesh/SK_Mannequin.uasset" 315
"../../../Mult/Content/menu.uasset" 316
"../../../Mult/Content/Models/Characters/Man/Dances/lambert1.uasset" 317
"../../../Mult/Content/Models/Characters/Man/Dances/dance2_PhysicsAsset.uasset" 318
"../../../Mult/Content/Models/Characters/Man/Dances/dance2.uasset" 319
"../../../Mult/Content/Models/Characters/Man/lambert1.uasset" 320
"../../../Mult/Content/Models/Characters/Man/died_PhysicsAsset.uasset" 321
"../../../Mult/Content/Models/Characters/Man/died.uasset" 322
"../../../Mult/Content/Models/Characters/Man/mrman_humanBody_1_PhysicsAsset.uasset" 323
"../../../Mult/Content/Models/Characters/Man/mrman_humanBody_1_Skeleton.uasset" 324
"../../../Mult/Content/Models/Characters/Man/mrman.uasset" 325
"../../../Mult/Content/Models/Characters/Man/slash_PhysicsAsset.uasset" 326
"../../../Mult/Content/Models/Characters/Man/slash.uasset" 327
"../../../Mult/Content/Models/Metal_Worn_Painted_Panel_Black_Red_Rusty_UV_CM_1.uasset" 328
"../../../Mult/Content/Models/Metal_Worn_Painted_Panel_Black_Red_Rusty_UV_CM_1_Normal.uasset" 329
"../../../Mult/Content/Models/02_-_Default.uasset" 330
"../../../Mult/Content/Models/seamless-rusty-metal-texture.uasset" 331
"../../../Mult/Content/Models/seamless-rusty-metal-texture_Normal.uasset" 332
"../../../Mult/Content/Models/03_-_Default.uasset" 333
"../../../Mult/Content/Models/05_2.uasset" 334
"../../../Mult/Content/Models/Steel_02_UV_H_CM_1.uasset" 335
"../../../Mult/Content/Models/Steel_02_UV_H_CM_1_Normal.uasset" 336
"../../../Mult/Content/Models/07_-_Default.uasset" 337
"../../../Mult/Content/Models/Number_front01_texture.uasset" 338
"../../../Mult/Content/Models/09_-_Default.uasset" 339
"../../../Mult/Content/Models/Metal_Worn_Painted_Panel_Black_Red_Rusty_UV_CM_1_02.uasset" 340
"../../../Mult/Content/Models/Metal_Worn_Painted_Panel_Black_Red_Rusty_UV_CM_1_02_Normal.uasset" 341
"../../../Mult/Content/Models/13_-_Default.uasset" 342
"../../../Mult/Content/Models/Metal_Worn_Painted_Panel_Black_Red_Rusty_UV_CM_1_03.uasset" 343
"../../../Mult/Content/Models/Metal_Worn_Painted_Panel_Black_Red_Rusty_UV_CM_1_03_Normal.uasset" 344
"../../../Mult/Content/Models/14_-_Default.uasset" 345
"../../../Mult/Content/Models/19_-_Default.uasset" 346
"../../../Mult/Content/Models/final_part.uasset" 347
"../../../Mult/Content/Models/o4.uasset" 348
"../../../Mult/Content/Models/Rocket_Launcher_Done.uasset" 349
"../../../Mult/Content/Models/Signs/biohazard-triangle-sign-download-free-vector-192988.uasset" 350
"../../../Mult/Content/Models/Signs/biohazard-triangle-sign-download-free-vector-192988_Mat.uasset" 351
"../../../Mult/Content/Models/Signs/lambert2.uasset" 352
"../../../Mult/Content/Models/Signs/sign_1_8.uasset" 353
"../../../Mult/Content/Sounds/244983__ani-music__ani-big-pipe-hit.uasset" 354
"../../../Mult/Content/FirstPersonBP/Blueprints/FirstPersonCharacter.uasset" 355
"../../../Mult/Content/TriggerBox2_Blueprint.uasset" 356
"../../../Engine/Content/EngineSky/C_Sky_Cloud_Color.uasset" 357
"../../../Engine/Content/EngineSky/C_Sky_Horizon_Color.uasset" 358
"../../../Engine/Content/EngineSky/C_Sky_Zenith_Color.uasset" 359
"../../../Engine/Content/EngineSky/T_Sky_Blue.uasset" 360
"../../../Engine/Content/EngineSky/T_Sky_Clouds_M.uasset" 361
"../../../Engine/Content/EngineSky/T_Sky_Stars.uasset" 362
"../../../Engine/Content/EngineSky/M_Sky_Panning_Clouds2.uasset" 363
"../../../Engine/Content/EngineSky/SM_SkySphere.uasset" 364
"../../../Engine/Content/EngineSky/BP_Sky_Sphere.uasset" 365
"../../../Mult/Content/StarterContent/Audio/Explosion01.uasset" 366
"../../../Mult/Content/StarterContent/Textures/T_Burst_M.uasset" 367
"../../../Mult/Content/StarterContent/Particles/Materials/M_Burst.uasset" 368
"../../../Mult/Content/StarterContent/Textures/T_Explosion_SubUV.uasset" 369
"../../../Mult/Content/StarterContent/Particles/Materials/M_explosion_subUV.uasset" 370
"../../../Mult/Content/StarterContent/Particles/Materials/m_flare_01.uasset" 371
"../../../Mult/Content/StarterContent/Particles/Materials/M_radial_ramp.uasset" 372
"../../../Mult/Content/StarterContent/Particles/P_Explosion.uasset" 373
"../../../Mult/Content/Blueprints/P_Explosion.uasset" 374
"../../../Mult/Content/blue-orange-rugged-rusty-metal-texture-hd-500x281.uasset" 375
"../../../Mult/Content/lambert10.uasset" 376
"../../../Mult/Content/lambert11.uasset" 377
"../../../Mult/Content/lambert12.uasset" 378
"../../../Mult/Content/sticker_375x360.uasset" 379
"../../../Mult/Content/lambert13.uasset" 380
"../../../Mult/Content/1109092-bigthumbnail.uasset" 381
"../../../Mult/Content/lambert14.uasset" 382
"../../../Mult/Content/lambert8.uasset" 383
"../../../Mult/Content/lambert9.uasset" 384
"../../../Mult/Content/barrel.uasset" 385
"../../../Mult/Content/Blueprints/barrel.uasset" 386
"../../../Mult/Content/Models/Characters/Man/Dances/dance3_Skeleton.uasset" 387
"../../../Mult/Content/Models/Characters/Man/Dances/dance3_Anim.uasset" 388
"../../../Mult/Content/Models/Characters/Man/Dances/dance_4_Skeleton.uasset" 389
"../../../Mult/Content/Models/Characters/Man/Dances/dance_4_Anim.uasset" 390
"../../../Mult/Content/Blueprints/dance2.uasset" 391
"../../../Mult/Content/Blueprints/test.uasset" 392
"../../../Mult/Content/Models/rusted-red-industrial-seamless-textures-part-2-5.uasset" 393
"../../../Mult/Content/Models/18_-_Default.uasset" 394
"../../../Mult/Content/Models/black_stucco_wall_texture_seamless.uasset" 395
"../../../Mult/Content/Models/24_-_Default.uasset" 396
"../../../Mult/Content/Models/Names.uasset" 397
"../../../Mult/Content/Models/Names_DM.uasset" 398
"../../../Mult/Content/dirty-painted-wood-texture-01.uasset" 399
"../../../Mult/Content/dirty-painted-wood-texture-01_Mat.uasset" 400
"../../../Mult/Content/Geometry/Buildings/2560x1440-black-solid-color-background.uasset" 401
"../../../Mult/Content/Geometry/Buildings/07_-_Default.uasset" 402
"../../../Mult/Content/Geometry/Buildings/Seamless_wall_plaster__11_.uasset" 403
"../../../Mult/Content/Geometry/Buildings/08_-_Default.uasset" 404
"../../../Mult/Content/Geometry/Buildings/brick-wall-texture0015-e1446915032346.uasset" 405
"../../../Mult/Content/Geometry/Buildings/old_bricks__hi_res__seamless_by_ntyb.uasset" 406
"../../../Mult/Content/Geometry/Buildings/09_-_Default.uasset" 407
"../../../Mult/Content/Geometry/Buildings/brick_modern_0098_02_preview.uasset" 408
"../../../Mult/Content/Geometry/Buildings/10_-_Default.uasset" 409
"../../../Mult/Content/Geometry/Buildings/clean_old_style_wood_door_12_20131002_1504990762.uasset" 410
"../../../Mult/Content/Geometry/Buildings/clean_old_style_wood_door_12_20131002_1504990762_NRM.uasset" 411
"../../../Mult/Content/Geometry/Buildings/11_-_Default.uasset" 412
"../../../Mult/Content/Geometry/Buildings/texture_311_old_concrete_wall_620d5_product_preview.uasset" 413
"../../../Mult/Content/Geometry/Buildings/texture_311_old_concrete_wall_620d5_product_preview_NRM.uasset" 414
"../../../Mult/Content/Geometry/Buildings/13_-_Default.uasset" 415
"../../../Mult/Content/Geometry/Buildings/brick_modern_0098_02_preview_NRM.uasset" 416
"../../../Mult/Content/Geometry/Buildings/15_-_Default.uasset" 417
"../../../Mult/Content/Geometry/Buildings/cylindayrdoor.uasset" 418
"../../../Mult/Content/Geometry/Buildings/cylindayrdoor_Normal.uasset" 419
"../../../Mult/Content/Geometry/Buildings/16_-_Default.uasset" 420
"../../../Mult/Content/Geometry/Buildings/seamless_brick_special___1_by_agf81-d4sah2o.uasset" 421
"../../../Mult/Content/Geometry/Buildings/THIS_BUILDING.uasset" 422
"../../../Mult/Content/Geometry/Weaps/sand_seamless.uasset" 423
"../../../Mult/Content/Geometry/Weaps/sand_seamless_Mat.uasset" 424
"../../../Engine/Content/Functions/Engine_MaterialFunctions02/Math/Pi.uasset" 425
"../../../Engine/Content/Functions/Engine_MaterialFunctions02/Math/TimeWithSpeedVariable.uasset" 426
"../../../Engine/Content/Functions/Engine_MaterialFunctions02/Texturing/CustomRotator.uasset" 427
"../../../Engine/Content/Functions/Engine_MaterialFunctions02/Utility/BreakOutFloat4Components.uasset" 428
"../../../Engine/Content/Functions/Engine_MaterialFunctions02/Utility/MakeFloat3.uasset" 429
"../../../Mult/Content/Ocean/Materials/MPC_Ocean.uasset" 430
"../../../Mult/Content/Ocean/Materials/MF_Gerstner_Wave.uasset" 431
"../../../Mult/Content/Ocean/Materials/MF_Gerstner_Wave_Set.uasset" 432
"../../../Engine/Content/Engine_MI_Shaders/T_Cubemap_01_tex.uasset" 433
"../../../Mult/Content/Ocean/Textures/T_Foam_D.uasset" 434
"../../../Mult/Content/Ocean/Textures/T_Foam_roughness.uasset" 435
"../../../Mult/Content/Ocean/Textures/T_OceanFoam02_normal.uasset" 436
"../../../Mult/Content/Ocean/Textures/T_OceanFoam02_Rotated_normal.uasset" 437
"../../../Mult/Content/Ocean/Textures/T_OceanFoam_M.uasset" 438
"../../../Mult/Content/Ocean/Textures/T_Water_N.uasset" 439
"../../../Mult/Content/Ocean/Materials/M_WaterSystem_Opaque.uasset" 440
"../../../Mult/Content/StarterContent/Textures/T_CobbleStone_Pebble_D.uasset" 441
"../../../Mult/Content/StarterContent/Textures/T_CobbleStone_Pebble_M.uasset" 442
"../../../Mult/Content/StarterContent/Textures/T_CobbleStone_Pebble_N.uasset" 443
"../../../Mult/Content/StarterContent/Materials/M_CobbleStone_Pebble.uasset" 444
"../../../Mult/Content/M_Orzelek_Assets/Textures/Free/Glass/T_Glass_shattered_mask.uasset" 445
"../../../Mult/Content/M_Orzelek_Assets/Textures/Free/Glass/T_Glass_shattered_N.uasset" 446
"../../../Mult/Content/M_Orzelek_Assets/Materials/Free/Glass/M_GlassShattered_Master.uasset" 447
"../../../Mult/Content/M_Orzelek_Assets/Materials/Free/Glass/M_GlassShattered_1.uasset" 448
"../../../Engine/Content/EngineMaterials/DefaultPhysicalMaterial.uasset" 449
"../../../Mult/Content/Geometry/Buildings/big.uasset" 450
"../../../Mult/Content/Geometry/Buildings/big__1_.uasset" 451
"../../../Mult/Content/Geometry/Buildings/big__1__NRM.uasset" 452
"../../../Mult/Content/Geometry/Buildings/T4b6bnKz.uasset" 453
"../../../Mult/Content/Geometry/Buildings/T4b6bnKz_Normal.uasset" 454
"../../../Mult/Content/Geometry/Buildings/01_-_Default.uasset" 455
"../../../Mult/Content/Geometry/Buildings/02_-_Default.uasset" 456
"../../../Mult/Content/Geometry/Buildings/03_-_Default.uasset" 457
"../../../Mult/Content/Geometry/Buildings/Material__2.uasset" 458
"../../../Mult/Content/Geometry/Buildings/Material__3.uasset" 459
"../../../Mult/Content/Geometry/Buildings/Material__4.uasset" 460
"../../../Mult/Content/Geometry/Buildings/Material__5.uasset" 461
"../../../Mult/Content/Geometry/Buildings/building01.uasset" 462
"../../../Mult/Content/Geometry/Buildings/building02.uasset" 463
"../../../Mult/Content/Geometry/Buildings/Seamless-Brick-Plaster-Texture-520x520.uasset" 464
"../../../Mult/Content/Geometry/Buildings/Seamless-Brick-Plaster-Texture-520x520_Normal.uasset" 465
"../../../Mult/Content/Geometry/Buildings/14_-_Default.uasset" 466
"../../../Mult/Content/Geometry/Buildings/building03.uasset" 467
"../../../Mult/Content/Geometry/Buildings/06_-_Default.uasset" 468
"../../../Mult/Content/Geometry/Buildings/19_-_Default.uasset" 469
"../../../Mult/Content/Geometry/Buildings/borders.uasset" 470
"../../../Mult/Content/Geometry/Buildings/Material__205.uasset" 471
"../../../Mult/Content/Geometry/Buildings/Material__207.uasset" 472
"../../../Mult/Content/Geometry/Buildings/building04.uasset" 473
"../../../Mult/Content/Geometry/Buildings/BOTTOM_OF_CYLINDER.uasset" 474
"../../../Mult/Content/Geometry/Buildings/Material__331.uasset" 475
"../../../Mult/Content/Geometry/Buildings/building05.uasset" 476
"../../../Mult/Content/Geometry/Buildings/stone_wall___seamless_by_agf81-d4kgfl2.uasset" 477
"../../../Mult/Content/Geometry/Buildings/17_-_Default.uasset" 478
"../../../Mult/Content/Geometry/Buildings/23_-_Default.uasset" 479
"../../../Mult/Content/Geometry/Buildings/Building06.uasset" 480
"../../../Mult/Content/Geometry/Buildings/Dome.uasset" 481
"../../../Mult/Content/Geometry/Buildings/Fotolia_53379664_Subscription_XL.uasset" 482
"../../../Mult/Content/Geometry/Buildings/Lighthouse_uv_render_texture04.uasset" 483
"../../../Mult/Content/Geometry/Buildings/Material__329.uasset" 484
"../../../Mult/Content/Geometry/Buildings/lighthouse.uasset" 485
"../../../Mult/Content/Geometry/Buildings/05_-_Default.uasset" 486
"../../../Mult/Content/Geometry/Buildings/big_Normal.uasset" 487
"../../../Mult/Content/Geometry/Buildings/13_-_Default2.uasset" 488
"../../../Mult/Content/Geometry/Buildings/21_-_Default.uasset" 489
"../../../Mult/Content/Geometry/Buildings/showtimes1.uasset" 490
"../../../Mult/Content/Geometry/Buildings/Material__327.uasset" 491
"../../../Mult/Content/Geometry/Buildings/Movies.uasset" 492
"../../../Mult/Content/Geometry/Buildings/lambert10.uasset" 493
"../../../Mult/Content/Geometry/Buildings/lambert2.uasset" 494
"../../../Mult/Content/Geometry/Buildings/lambert4.uasset" 495
"../../../Mult/Content/Geometry/Buildings/lambert5.uasset" 496
"../../../Mult/Content/Geometry/Buildings/lambert6.uasset" 497
"../../../Mult/Content/Geometry/Buildings/lambert7.uasset" 498
"../../../Mult/Content/Geometry/Buildings/lambert8.uasset" 499
"../../../Mult/Content/Geometry/Buildings/lambert9.uasset" 500
"../../../Mult/Content/Geometry/Buildings/sign1_8.uasset" 501
"../../../Mult/Content/Geometry/Trees/Tree1/BroadleafBark_Normal_Tex.uasset" 502
"../../../Mult/Content/Geometry/Trees/Tree1/BroadleafBark_Tex.uasset" 503
"../../../Mult/Content/Geometry/Trees/Tree1/leaf1_NRM_Tex.uasset" 504
"../../../Mult/Content/Geometry/Trees/Tree1/leaf1_Tex.uasset" 505
"../../../Mult/Content/Geometry/Trees/Tree1/tree1_Branches_2_Mat.uasset" 506
"../../../Mult/Content/Geometry/Trees/Tree1/tree1_Branches_3_Mat.uasset" 507
"../../../Mult/Content/Geometry/Trees/Tree1/tree1_Branches_Mat.uasset" 508
"../../../Engine/Content/Functions/Engine_MaterialFunctions01/SpeedTree/SpeedTreeColorVariation.uasset" 509
"../../../Mult/Content/Geometry/Trees/Tree1/tree1_Leaves_Mat.uasset" 510
"../../../Mult/Content/Geometry/Trees/Tree1/tree1.uasset" 511
"../../../Mult/Content/Geometry/Trees/Tree2/BroadleafBark_Normal_Tex.uasset" 512
"../../../Mult/Content/Geometry/Trees/Tree2/BroadleafBark_Tex.uasset" 513
"../../../Mult/Content/Geometry/Trees/Tree2/tree2_Branches_2_Mat.uasset" 514
"../../../Mult/Content/Geometry/Trees/Tree2/tree2_Branches_Mat.uasset" 515
"../../../Mult/Content/Geometry/Trees/Tree2/tree2_Fronds_Mat.uasset" 516
"../../../Mult/Content/Geometry/Trees/Tree2/tree2_Atlas_Normal_Tex.uasset" 517
"../../../Mult/Content/Geometry/Trees/Tree2/tree2_Atlas_Tex.uasset" 518
"../../../Mult/Content/Geometry/Trees/Tree2/tree2_Leaves_Mat.uasset" 519
"../../../Mult/Content/Geometry/Trees/Tree2/tree2.uasset" 520
"../../../Mult/Content/Geometry/Trees/Tree3/BroadleafBark_Normal_Tex.uasset" 521
"../../../Mult/Content/Geometry/Trees/Tree3/BroadleafBark_Tex.uasset" 522
"../../../Mult/Content/Geometry/Trees/Tree3/tree3_Branches_2_Mat.uasset" 523
"../../../Mult/Content/Geometry/Trees/Tree3/tree3_Branches_Mat.uasset" 524
"../../../Mult/Content/Geometry/Trees/Tree3/tree3_Fronds_Mat.uasset" 525
"../../../Mult/Content/Geometry/Trees/Tree3/tree3_Atlas_Normal_Tex.uasset" 526
"../../../Mult/Content/Geometry/Trees/Tree3/tree3_Atlas_Tex.uasset" 527
"../../../Mult/Content/Geometry/Trees/Tree3/tree3_Leaves_Mat.uasset" 528
"../../../Mult/Content/Geometry/Trees/Tree3/tree3.uasset" 529
"../../../Mult/Content/Geometry/Trees/Tree4/BroadleafBark_Normal_Tex.uasset" 530
"../../../Mult/Content/Geometry/Trees/Tree4/BroadleafBark_Tex.uasset" 531
"../../../Mult/Content/Geometry/Trees/Tree4/tree4_Branches_2_Mat.uasset" 532
"../../../Mult/Content/Geometry/Trees/Tree4/tree4_Branches_Mat.uasset" 533
"../../../Mult/Content/Geometry/Trees/Tree4/tree4_Fronds_Mat.uasset" 534
"../../../Mult/Content/Geometry/Trees/Tree4/tree4_Atlas_Normal_Tex.uasset" 535
"../../../Mult/Content/Geometry/Trees/Tree4/tree4_Atlas_Tex.uasset" 536
"../../../Mult/Content/Geometry/Trees/Tree4/tree4_Leaves_Mat.uasset" 537
"../../../Mult/Content/Geometry/Trees/Tree4/tree4.uasset" 538
"../../../Mult/Content/Geometry/Trees/Tree7/BroadleafBark_Normal_Tex.uasset" 539
"../../../Mult/Content/Geometry/Trees/Tree7/BroadleafBark_Tex.uasset" 540
"../../../Mult/Content/Geometry/Trees/Tree7/tree7_Branches_2_Mat.uasset" 541
"../../../Mult/Content/Geometry/Trees/Tree7/tree7_Branches_Mat.uasset" 542
"../../../Mult/Content/Geometry/Trees/Tree7/tree7_Atlas_Normal_Tex.uasset" 543
"../../../Mult/Content/Geometry/Trees/Tree7/tree7_Atlas_Tex.uasset" 544
"../../../Mult/Content/Geometry/Trees/Tree7/tree7_Leaves_Mat.uasset" 545
"../../../Mult/Content/Geometry/Trees/Tree7/tree7.uasset" 546
"../../../Mult/Content/Models/wood_planks___d632_by_agf81-d5fz4zl.uasset" 547
"../../../Mult/Content/Models/01_-_Default.uasset" 548
"../../../Mult/Content/Models/Dock.uasset" 549
"../../../Mult/Content/Models/Erroded_Metal_Blue_Spots_Rust_UV_CM_1.uasset" 550
"../../../Mult/Content/Models/iron_texture_by_pabloalvin.uasset" 551
"../../../Mult/Content/Models/paint_relief-61.uasset" 552
"../../../Mult/Content/Models/Pony_Test_02.uasset" 553
"../../../Mult/Content/Models/Pony_Test_02_Mat.uasset" 554
"../../../Mult/Content/Models/Pony_Test_mp_02.uasset" 555
"../../../Mult/Content/Models/lambert12.uasset" 556
"../../../Mult/Content/Models/lambert13.uasset" 557
"../../../Mult/Content/Models/lambert14.uasset" 558
"../../../Mult/Content/Models/lambert23.uasset" 559
"../../../Mult/Content/Models/lambert25.uasset" 560
"../../../Mult/Content/Models/lambert26.uasset" 561
"../../../Mult/Content/Models/lambert61.uasset" 562
"../../../Mult/Content/Models/lambert62.uasset" 563
"../../../Mult/Content/Models/rollar_coster.uasset" 564
"../../../Mult/Content/Models/Signs/lambert6.uasset" 565
"../../../Mult/Content/Models/Signs/wrong-way-sign-x-r5-1a.uasset" 566
"../../../Mult/Content/Models/Signs/wrong-way-sign-x-r5-1a_Mat.uasset" 567
"../../../Mult/Content/Models/Signs/sign_3_8.uasset" 568
"../../../Engine/Content/EngineMaterials/FlatNormal.uasset" 569
"../../../Mult/Content/Ocean/Meshes/M_Buoy01.uasset" 570
"../../../Mult/Content/Ocean/Meshes/M_Buoy01_MI_3.uasset" 571
"../../../Mult/Content/Ocean/Meshes/FishingBoat.uasset" 572
"../../../Mult/Content/Ocean/Meshes/SM_OceanPlaneFarSpherical.uasset" 573
"../../../Mult/Content/Sounds/Voltaic_Cue.uasset" 574
"../../../Mult/Content/Maps/Death_Isles_Main_LVL_We_GOT_DIS.umap" 575
